[06Dec2024 00:00:00.077] [Server thread/INFO] [net.minecraft.server.MinecraftServer/]: mufinmatias was slain by Tremorsaurus
[06Dec2024 00:00:00.324] [Server thread/INFO] [tombstone/]: The player mufinmatias has successfully been saved
[06Dec2024 00:00:01.940] [Server thread/WARN] [net.minecraft.server.MinecraftServer/]: Can't keep up! Is the server overloaded? Running 9907ms or 198 ticks behind
[06Dec2024 00:00:34.846] [Server thread/WARN] [net.minecraft.server.MinecraftServer/]: Can't keep up! Is the server overloaded? Running 17913ms or 358 ticks behind
[06Dec2024 00:01:11.084] [Server thread/WARN] [net.minecraft.server.MinecraftServer/]: Can't keep up! Is the server overloaded? Running 21251ms or 425 ticks behind
[06Dec2024 00:01:44.458] [Server thread/WARN] [net.minecraft.server.MinecraftServer/]: Can't keep up! Is the server overloaded? Running 18375ms or 367 ticks behind
[06Dec2024 00:02:19.197] [Server thread/WARN] [net.minecraft.server.MinecraftServer/]: Can't keep up! Is the server overloaded? Running 19764ms or 395 ticks behind
[06Dec2024 00:02:54.304] [Server thread/WARN] [net.minecraft.server.MinecraftServer/]: Can't keep up! Is the server overloaded? Running 20121ms or 402 ticks behind
[06Dec2024 00:03:27.340] [Server thread/WARN] [net.minecraft.server.MinecraftServer/]: Can't keep up! Is the server overloaded? Running 18057ms or 361 ticks behind
[06Dec2024 00:03:28.205] [Worker-Main-1/WARN] [net.minecraft.world.entity.EntityType/]: Skipping Entity with id 
[06Dec2024 00:03:28.205] [Worker-Main-1/WARN] [net.minecraft.world.entity.EntityType/]: Skipping Entity with id 
[06Dec2024 00:03:58.725] [Server thread/WARN] [net.minecraft.server.MinecraftServer/]: Can't keep up! Is the server overloaded? Running 16392ms or 327 ticks behind
[06Dec2024 00:04:02.297] [Server thread/INFO] [net.minecraft.server.MinecraftServer/]: JorgeTheDogJa has made the advancement [Life Finds A Way]
[06Dec2024 00:04:22.599] [Server thread/WARN] [net.minecraft.server.MinecraftServer/]: Can't keep up! Is the server overloaded? Running 8915ms or 178 ticks behind
[06Dec2024 00:04:41.885] [Server thread/WARN] [net.minecraft.server.MinecraftServer/]: Can't keep up! Is the server overloaded? Running 4302ms or 86 ticks behind
[06Dec2024 00:05:01.688] [Server thread/WARN] [net.minecraft.server.MinecraftServer/]: Can't keep up! Is the server overloaded? Running 4805ms or 96 ticks behind
[06Dec2024 00:05:06.315] [Server thread/INFO] [net.minecraft.server.MinecraftServer/]: [Not Secure] <gusta20delcongo> -76 100a4
[06Dec2024 00:05:23.246] [Server thread/WARN] [net.minecraft.server.MinecraftServer/]: Can't keep up! Is the server overloaded? Running 6563ms or 131 ticks behind
[06Dec2024 00:05:45.728] [Server thread/WARN] [net.minecraft.server.MinecraftServer/]: Can't keep up! Is the server overloaded? Running 7495ms or 149 ticks behind
[06Dec2024 00:06:06.744] [Server thread/WARN] [net.minecraft.server.MinecraftServer/]: Can't keep up! Is the server overloaded? Running 6061ms or 121 ticks behind
[06Dec2024 00:06:32.697] [Server thread/WARN] [net.minecraft.server.MinecraftServer/]: Can't keep up! Is the server overloaded? Running 10964ms or 219 ticks behind
[06Dec2024 00:07:05.165] [Server thread/WARN] [net.minecraft.server.MinecraftServer/]: Can't keep up! Is the server overloaded? Running 17482ms or 349 ticks behind
[06Dec2024 00:07:36.022] [Server thread/WARN] [net.minecraft.server.MinecraftServer/]: Can't keep up! Is the server overloaded? Running 15889ms or 317 ticks behind
[06Dec2024 00:08:09.647] [Server thread/WARN] [net.minecraft.server.MinecraftServer/]: Can't keep up! Is the server overloaded? Running 18664ms or 373 ticks behind
[06Dec2024 00:08:47.315] [Server thread/WARN] [net.minecraft.server.MinecraftServer/]: Can't keep up! Is the server overloaded? Running 22682ms or 453 ticks behind
[06Dec2024 00:09:25.436] [Server thread/WARN] [net.minecraft.server.MinecraftServer/]: Can't keep up! Is the server overloaded? Running 23152ms or 463 ticks behind
[06Dec2024 00:09:35.246] [Server thread/INFO] [net.minecraft.server.MinecraftServer/]: mufinmatias has made the advancement [Where Is The Stone Pen?]
[06Dec2024 00:09:38.776] [Worker-Main-10/ERROR] [net.minecraft.world.entity.decoration.HangingEntity/]: Hanging entity at invalid position: BlockPos{x=-307, y=29, z=-607}
[06Dec2024 00:09:38.777] [Worker-Main-10/ERROR] [net.minecraft.world.entity.decoration.HangingEntity/]: Hanging entity at invalid position: BlockPos{x=-305, y=29, z=-607}
[06Dec2024 00:09:38.778] [Worker-Main-10/ERROR] [net.minecraft.world.entity.decoration.HangingEntity/]: Hanging entity at invalid position: BlockPos{x=-303, y=29, z=-607}
[06Dec2024 00:09:38.779] [Worker-Main-10/ERROR] [net.minecraft.world.entity.decoration.HangingEntity/]: Hanging entity at invalid position: BlockPos{x=-301, y=29, z=-607}
[06Dec2024 00:09:44.576] [Server thread/INFO] [net.minecraft.server.MinecraftServer/]: mufinmatias has reached the goal [Greed may lead to loss]
[06Dec2024 00:09:48.235] [Server thread/WARN] [net.minecraft.server.network.ServerGamePacketListenerImpl/]: JorgeTheDogJa moved too quickly! -0.09302634782886798,2.130906499714534,9.800386633197377
[06Dec2024 00:09:50.365] [Server thread/INFO] [net.minecraft.server.MinecraftServer/]: mufinmatias has made the advancement [When in Rome]
[06Dec2024 00:09:54.352] [pool-6-thread-2/INFO] [Supplementaries/]: Searching for closest structure among [ResourceKey[minecraft:worldgen/structure / minecraft:village_taiga], ResourceKey[minecraft:worldgen/structure / minecraft:village_snowy], ResourceKey[minecraft:worldgen/structure / minecraft:village_desert], ResourceKey[minecraft:worldgen/structure / minecraft:village_savanna], ResourceKey[minecraft:worldgen/structure / minecraft:village_plains]] from pos BlockPos{x=-571, y=87, z=-485}
[06Dec2024 00:10:06.716] [Server thread/WARN] [net.minecraft.server.MinecraftServer/]: Can't keep up! Is the server overloaded? Running 26283ms or 525 ticks behind
[06Dec2024 00:10:40.463] [Server thread/WARN] [net.minecraft.server.MinecraftServer/]: Can't keep up! Is the server overloaded? Running 18780ms or 375 ticks behind
[06Dec2024 00:11:00.094] [Server thread/WARN] [net.minecraft.server.MinecraftServer/]: Can't keep up! Is the server overloaded? Running 4661ms or 93 ticks behind
[06Dec2024 00:11:08.539] [Server thread/INFO] [net.minecraft.server.network.ServerGamePacketListenerImpl/]: JorgeTheDogJa lost connection: Disconnected
[06Dec2024 00:11:08.540] [Server thread/INFO] [net.minecraft.server.MinecraftServer/]: JorgeTheDogJa left the game
[06Dec2024 00:11:17.394] [Server thread/WARN] [net.minecraft.server.MinecraftServer/]: Can't keep up! Is the server overloaded? Running 2310ms or 46 ticks behind
[06Dec2024 00:11:45.749] [Server thread/WARN] [net.minecraft.server.MinecraftServer/]: Can't keep up! Is the server overloaded? Running 3016ms or 60 ticks behind
[06Dec2024 00:12:28.275] [Server thread/INFO] [net.minecraft.server.MinecraftServer/]: mufinmatias has made the advancement [Back to childhood]
[06Dec2024 00:12:28.276] [Server thread/INFO] [net.minecraft.server.MinecraftServer/]: mufinmatias has made the advancement [Not even afraid of death]
[06Dec2024 00:12:55.654] [Server thread/WARN] [net.minecraft.server.MinecraftServer/]: Can't keep up! Is the server overloaded? Running 2071ms or 41 ticks behind
[06Dec2024 00:12:58.344] [Worker-Main-10/WARN] [net.minecraft.world.entity.EntityType/]: Skipping Entity with id 
[06Dec2024 00:13:17.597] [Server thread/WARN] [net.minecraft.server.MinecraftServer/]: Can't keep up! Is the server overloaded? Running 6964ms or 139 ticks behind
[06Dec2024 00:13:35.294] [Server thread/WARN] [net.minecraft.server.MinecraftServer/]: Can't keep up! Is the server overloaded? Running 2061ms or 41 ticks behind
[06Dec2024 00:13:52.299] [Server thread/WARN] [net.minecraft.server.MinecraftServer/]: Can't keep up! Is the server overloaded? Running 2016ms or 40 ticks behind
[06Dec2024 00:14:19.139] [Server thread/WARN] [net.minecraft.server.network.ServerGamePacketListenerImpl/]: gusta20delcongo moved too quickly! 6.976697240305782,-4.76636799395752,-5.591378715633255
[06Dec2024 00:14:25.975] [Server thread/WARN] [net.minecraft.server.MinecraftServer/]: Can't keep up! Is the server overloaded? Running 18692ms or 373 ticks behind
[06Dec2024 00:14:26.145] [Server thread/INFO] [net.minecraft.server.MinecraftServer/]: mufinmatias has made the advancement [Magic Writing]
[06Dec2024 00:14:44.328] [Server thread/INFO] [net.minecraft.server.MinecraftServer/]: mufinmatias has reached the goal [A self-respecting Soul]
[06Dec2024 00:14:49.956] [Server thread/WARN] [net.minecraft.server.MinecraftServer/]: Can't keep up! Is the server overloaded? Running 9023ms or 180 ticks behind
[06Dec2024 00:15:16.297] [Server thread/WARN] [net.minecraft.server.MinecraftServer/]: Can't keep up! Is the server overloaded? Running 11364ms or 227 ticks behind
[06Dec2024 00:15:42.670] [Server thread/INFO] [net.minecraft.server.MinecraftServer/]: mufinmatias has reached the goal [Waterworld]
[06Dec2024 00:15:49.772] [Server thread/WARN] [net.minecraft.server.MinecraftServer/]: Can't keep up! Is the server overloaded? Running 18489ms or 369 ticks behind
[06Dec2024 00:16:24.271] [Server thread/WARN] [net.minecraft.server.MinecraftServer/]: Can't keep up! Is the server overloaded? Running 19538ms or 390 ticks behind
[06Dec2024 00:16:56.429] [Server thread/WARN] [net.minecraft.server.MinecraftServer/]: Can't keep up! Is the server overloaded? Running 17196ms or 343 ticks behind
[06Dec2024 00:17:19.904] [Server thread/WARN] [net.minecraft.server.MinecraftServer/]: Can't keep up! Is the server overloaded? Running 8521ms or 170 ticks behind
[06Dec2024 00:17:41.846] [Server thread/WARN] [net.minecraft.server.MinecraftServer/]: Can't keep up! Is the server overloaded? Running 6962ms or 139 ticks behind
[06Dec2024 00:18:01.985] [Server thread/WARN] [net.minecraft.server.MinecraftServer/]: Can't keep up! Is the server overloaded? Running 5152ms or 103 ticks behind
[06Dec2024 00:18:21.823] [Server thread/WARN] [net.minecraft.server.MinecraftServer/]: Can't keep up! Is the server overloaded? Running 4840ms or 96 ticks behind
[06Dec2024 00:18:32.146] [Server thread/WARN] [net.minecraft.server.network.ServerGamePacketListenerImpl/]: gusta20delcongo moved too quickly! -0.10202787926354517,2.1278902382054916,-10.02008459738613
[06Dec2024 00:18:48.036] [Server thread/WARN] [net.minecraft.server.MinecraftServer/]: Can't keep up! Is the server overloaded? Running 11253ms or 225 ticks behind
[06Dec2024 00:19:07.545] [Server thread/WARN] [net.minecraft.server.MinecraftServer/]: Can't keep up! Is the server overloaded? Running 2012ms or 40 ticks behind
[06Dec2024 00:19:10.615] [Server thread/INFO] [net.minecraft.server.MinecraftServer/]: gusta20delcongo was doomed to fall by Sucker
[06Dec2024 00:19:12.701] [Server thread/INFO] [tombstone/]: The player gusta20delcongo has successfully been saved
[06Dec2024 00:19:12.841] [Server thread/WARN] [net.minecraft.server.network.ServerGamePacketListenerImpl/]: mufinmatias moved too quickly! 10.095860057414825,0.0,-0.10389390896125406
[06Dec2024 00:19:42.734] [Server thread/WARN] [net.minecraft.server.MinecraftServer/]: Can't keep up! Is the server overloaded? Running 20200ms or 404 ticks behind
[06Dec2024 00:20:05.233] [Server thread/WARN] [net.minecraft.server.MinecraftServer/]: Can't keep up! Is the server overloaded? Running 7500ms or 150 ticks behind
[06Dec2024 00:20:22.619] [Server thread/WARN] [net.minecraft.server.MinecraftServer/]: Can't keep up! Is the server overloaded? Running 2385ms or 47 ticks behind
[06Dec2024 00:20:38.037] [Server thread/WARN] [net.minecraft.server.network.ServerGamePacketListenerImpl/]: gusta20delcongo moved too quickly! 1.9411328059082962,-5.173254844219169,-8.358631104219512
[06Dec2024 00:20:51.898] [Server thread/WARN] [net.minecraft.server.MinecraftServer/]: Can't keep up! Is the server overloaded? Running 14315ms or 286 ticks behind
[06Dec2024 00:20:55.510] [Server thread/WARN] [net.minecraft.server.network.ServerGamePacketListenerImpl/]: gusta20delcongo moved too quickly! 1.3230208815073183,-5.592866588701149,-8.385976095455135
[06Dec2024 00:21:07.599] [Server thread/WARN] [net.minecraft.server.network.ServerGamePacketListenerImpl/]: gusta20delcongo moved too quickly! 3.4185114101156273,-0.532210435854374,-9.40778768157486
[06Dec2024 00:21:23.411] [Server thread/WARN] [net.minecraft.server.network.ServerGamePacketListenerImpl/]: gusta20delcongo moved too quickly! 1.1149728826594014,-2.7008199562631248,-9.85349470425649
[06Dec2024 00:21:25.603] [Server thread/WARN] [net.minecraft.server.MinecraftServer/]: Can't keep up! Is the server overloaded? Running 18720ms or 374 ticks behind
[06Dec2024 00:22:01.640] [Server thread/WARN] [net.minecraft.server.MinecraftServer/]: Can't keep up! Is the server overloaded? Running 21056ms or 421 ticks behind
[06Dec2024 00:22:25.953] [Server thread/WARN] [net.minecraft.server.MinecraftServer/]: Can't keep up! Is the server overloaded? Running 9320ms or 186 ticks behind
[06Dec2024 00:22:36.367] [Server thread/WARN] [net.minecraft.server.network.ServerGamePacketListenerImpl/]: gusta20delcongo moved too quickly! 7.16619896420363,-0.36809686001799236,-7.264340324903515
[06Dec2024 00:22:44.283] [Server thread/INFO] [net.minecraft.server.MinecraftServer/]: mufinmatias has made the advancement [Who You Gonna Call?]
[06Dec2024 00:22:52.945] [Server thread/WARN] [net.minecraft.server.MinecraftServer/]: Can't keep up! Is the server overloaded? Running 12012ms or 240 ticks behind
[06Dec2024 00:23:02.607] [Server thread/INFO] [net.minecraft.server.MinecraftServer/]: gusta20delcongo has completed the challenge [It Spreads]
[06Dec2024 00:23:10.711] [Server thread/WARN] [net.minecraft.server.MinecraftServer/]: Can't keep up! Is the server overloaded? Running 2778ms or 55 ticks behind
[06Dec2024 00:23:30.148] [Server thread/WARN] [net.minecraft.server.MinecraftServer/]: Can't keep up! Is the server overloaded? Running 2065ms or 41 ticks behind
[06Dec2024 00:23:48.347] [Server thread/WARN] [net.minecraft.server.MinecraftServer/]: Can't keep up! Is the server overloaded? Running 3214ms or 64 ticks behind
[06Dec2024 00:24:09.983] [Server thread/WARN] [net.minecraft.server.MinecraftServer/]: Can't keep up! Is the server overloaded? Running 6650ms or 133 ticks behind
[06Dec2024 00:24:11.821] [Server thread/INFO] [net.minecraft.server.MinecraftServer/]: gusta20delcongo has made the advancement [Sneak 100]
